10:23 AM	2025-04-12	/api/v1/bookings/1adbaa4b-b1e3-4446-baa2-9146dcf329f8/booking-details	404 Not Found: The requested URL was not found on the server. If you entered the URL manually please check your spelling and try again.

01:50 PM	2025-04-12	/api/v1/bookings/b7ce3962-747a-43df-ad49-ade023187a7c/booking-details	404 Not Found: The requested URL was not found on the server. If you entered the URL manually please check your spelling and try again.

05:21 PM	2025-04-12	/api/v1/orders/6a6ed4ad-cc56-4c28-b4f2-76eb1f7ac187/order-items	404 Not Found: The requested URL was not found on the server. If you entered the URL manually please check your spelling and try again.

06:36 PM	2025-04-12	/api/v1/orders/a83f68ee-1eab-483d-aef7-d0e36400cb38/order-items	404 Not Found: The requested URL was not found on the server. If you entered the URL manually please check your spelling and try again.

07:22 PM	2025-04-12	/api/v1/bookings/18f84bf2-0d9e-4db6-84da-67b5f47d72f8/booking-details	404 Not Found: The requested URL was not found on the server. If you entered the URL manually please check your spelling and try again.

08:46 PM	2025-04-12	/api/v1/orders/395576df-1684-4e8b-98af-24792c198399/order-items	404 Not Found: The requested URL was not found on the server. If you entered the URL manually please check your spelling and try again.

09:10 PM	2025-04-12	/api/v1/orders/c28bc861-95b9-4051-9338-bd86ae3dea54/order-items	404 Not Found: The requested URL was not found on the server. If you entered the URL manually please check your spelling and try again.

11:26 AM	2025-04-13	/api/v1/orders/7f1aa0c0-2114-4288-b985-f517542dbf29/order-items	404 Not Found: The requested URL was not found on the server. If you entered the URL manually please check your spelling and try again.

12:33 PM	2025-04-13	/api/v1/bookings/fcbcf97c-8f78-4491-995f-b1403680a1fc/booking-details	404 Not Found: The requested URL was not found on the server. If you entered the URL manually please check your spelling and try again.

04:53 PM	2025-04-13	/api/v1/orders/2160d47e-7328-44d6-bf8d-7bfd9017955a/order-items	404 Not Found: The requested URL was not found on the server. If you entered the URL manually please check your spelling and try again.

05:43 PM	2025-04-13	/api/v1/orders/4d582a83-e31f-47d4-8150-5ef84d3dbc9c/order-items	404 Not Found: The requested URL was not found on the server. If you entered the URL manually please check your spelling and try again.

05:43 PM	2025-04-13	/api/v1/orders/6c9a44a1-5978-4c72-b09c-7ead358f5dcf/order-items	404 Not Found: The requested URL was not found on the server. If you entered the URL manually please check your spelling and try again.

07:25 PM	2025-04-13	/api/v1/orders/b231e129-d242-455c-bee6-bc7f86286f28/order-items	404 Not Found: The requested URL was not found on the server. If you entered the URL manually please check your spelling and try again.

09:10 PM	2025-04-13	/api/v1/orders/230de18f-0465-4085-ac5c-55067d77f146/order-items	404 Not Found: The requested URL was not found on the server. If you entered the URL manually please check your spelling and try again.

09:56 PM	2025-04-13	/api/v1/orders/294bdd2e-1de5-4f25-ad44-95122a6484fd/order-items	404 Not Found: The requested URL was not found on the server. If you entered the URL manually please check your spelling and try again.

02:49 PM	2025-04-13	/api/v1/account/login	(MySQLdb.OperationalError) (4031, 'The client was disconnected by the server because of inactivity. See wait_timeout and interactive_timeout for configuring this behavior.')
[SQL: SELECT users.title AS users_title, users.first_name AS users_first_name, users.middle_name AS users_middle_name, users.last_name AS users_last_name, users.username AS users_username, users.profile_photo AS users_profile_photo, users.email AS users_email, users.address AS users_address, users.gender AS users_gender, users.salary AS users_salary, users.start_date AS users_start_date, users.dob AS users_dob, users.number AS users_number, users.nok AS users_nok, users.nok_number AS users_nok_number, users.religion AS users_religion, users.state AS users_state, users.password AS users_password, users.rank_number AS users_rank_number, users.`role` AS users_role, users.portfolio AS users_portfolio, users.performance AS users_performance, users.is_active AS users_is_active, users.last_active AS users_last_active, users.id AS users_id, users.created_at AS users_created_at, users.updated_at AS users_updated_at 
FROM users 
WHERE users.username = %s 
 LIMIT %s]
[parameters: ('shonddkunlex', 1)]
(Background on this error at: https://sqlalche.me/e/20/e3q8)

11:16 AM	2025-04-14	/api/v1/bookings/e84021ac-175d-4504-88e2-cd02ce51dd0b/booking-details	404 Not Found: The requested URL was not found on the server. If you entered the URL manually please check your spelling and try again.

04:34 PM	2025-04-14	/api/v1/orders/60a22da8-e28c-478e-9a6a-fa1e7e6d4dba/order-items	404 Not Found: The requested URL was not found on the server. If you entered the URL manually please check your spelling and try again.

04:34 PM	2025-04-14	/api/v1/orders/c103b70f-2329-4e3e-ba62-494bf147d179/order-items	404 Not Found: The requested URL was not found on the server. If you entered the URL manually please check your spelling and try again.

08:10 PM	2025-04-14	/api/v1/orders/d7812b20-b216-4b61-9971-5d8416d10b72/order-items	404 Not Found: The requested URL was not found on the server. If you entered the URL manually please check your spelling and try again.

08:14 PM	2025-04-14	/api/v1/orders/7687e980-d34b-477c-8ff8-a3da8254dc51/order-items	404 Not Found: The requested URL was not found on the server. If you entered the URL manually please check your spelling and try again.

10:05 PM	2025-04-14	/api/v1/orders/79ff8dba-798f-4a10-a524-2158180a4f91/order-items	404 Not Found: The requested URL was not found on the server. If you entered the URL manually please check your spelling and try again.

10:42 PM	2025-04-14	/api/v1/orders/0883b3a3-24ed-408b-ae85-6718f0466500/order-items	404 Not Found: The requested URL was not found on the server. If you entered the URL manually please check your spelling and try again.

06:28 AM	2025-04-15	/api/v1/orders/2d026fe9-457e-4ffa-a690-2a352aad7bdb/order-items	404 Not Found: The requested URL was not found on the server. If you entered the URL manually please check your spelling and try again.

09:31 AM	2025-04-15	/api/v1/orders/a7b8f0ab-c24c-420f-ad8d-3fb84676ae33/order-items	404 Not Found: The requested URL was not found on the server. If you entered the URL manually please check your spelling and try again.

11:03 AM	2025-04-15	/api/v1/bookings/8bebc819-5ecf-4fed-801e-c1df3dd65c19/booking-details	404 Not Found: The requested URL was not found on the server. If you entered the URL manually please check your spelling and try again.

11:04 AM	2025-04-15	/api/v1/bookings/1ce02e64-da91-4277-b13d-cc665437de32/booking-details	404 Not Found: The requested URL was not found on the server. If you entered the URL manually please check your spelling and try again.

12:44 PM	2025-04-15	/api/v1/orders/756bea2f-3830-4c41-8c17-94ab83b27ee8/order-items	404 Not Found: The requested URL was not found on the server. If you entered the URL manually please check your spelling and try again.

12:53 PM	2025-04-15	/api/v1/orders/970afd4b-fa6f-4ad6-8fe2-adda7a5af60d/order-items	404 Not Found: The requested URL was not found on the server. If you entered the URL manually please check your spelling and try again.

07:19 PM	2025-04-15	/api/v1/orders/c544abb6-8790-4297-ae45-191ea6bec4da/order-items	404 Not Found: The requested URL was not found on the server. If you entered the URL manually please check your spelling and try again.

09:11 PM	2025-04-15	/api/v1/orders/a5ff052c-7fd6-4937-95f0-5257ca9c8f6c/order-items	404 Not Found: The requested URL was not found on the server. If you entered the URL manually please check your spelling and try again.

09:11 PM	2025-04-15	/api/v1/orders/1da59f11-770e-4247-a67e-2aafeccc7963/order-items	404 Not Found: The requested URL was not found on the server. If you entered the URL manually please check your spelling and try again.

09:15 PM	2025-04-15	/api/v1/orders/76c0b5a9-9a19-4fec-aaf6-8cc036e1b3a0/order-items	404 Not Found: The requested URL was not found on the server. If you entered the URL manually please check your spelling and try again.

12:28 PM	2025-04-16	/api/v1/bookings/bb645f22-2490-4731-b190-640c3c5e179b/booking-details	404 Not Found: The requested URL was not found on the server. If you entered the URL manually please check your spelling and try again.

03:04 PM	2025-04-16	/api/v1/orders/897be464-915d-4361-a74c-397c1c07dad0/order-items	404 Not Found: The requested URL was not found on the server. If you entered the URL manually please check your spelling and try again.

07:38 PM	2025-04-16	/api/v1/orders/acd26bfc-8747-4c7e-b244-c8b9964f7393/order-items	404 Not Found: The requested URL was not found on the server. If you entered the URL manually please check your spelling and try again.

09:32 PM	2025-04-16	/api/v1/orders/fa41f905-37e7-4b61-80f5-0a9426d9bb47/order-items	404 Not Found: The requested URL was not found on the server. If you entered the URL manually please check your spelling and try again.

10:49 AM	2025-04-17	/api/v1/bookings/2540fcc7-2f79-4911-a736-65b4e33b6959/booking-details	404 Not Found: The requested URL was not found on the server. If you entered the URL manually please check your spelling and try again.

11:00 AM	2025-04-17	/api/v1/orders/288d3fca-c423-4988-b7a6-29d7b1e3b875/order-items	404 Not Found: The requested URL was not found on the server. If you entered the URL manually please check your spelling and try again.

11:02 AM	2025-04-17	/api/v1/bookings/d7831e70-4333-48ef-92fe-89dd2312b844/booking-details	404 Not Found: The requested URL was not found on the server. If you entered the URL manually please check your spelling and try again.

11:10 AM	2025-04-17	/api/v1/orders/2620a5d5-2cb4-4486-8be5-a36799a92d57/order-items	404 Not Found: The requested URL was not found on the server. If you entered the URL manually please check your spelling and try again.

12:05 PM	2025-04-17	/api/v1/bookings/64801e00-23ce-4ea5-93db-b6d999ca9cdb/booking-details	404 Not Found: The requested URL was not found on the server. If you entered the URL manually please check your spelling and try again.

02:05 PM	2025-04-17	/api/v1/orders/8c52a385-218a-4e80-ac13-de800206b4f6/order-items	404 Not Found: The requested URL was not found on the server. If you entered the URL manually please check your spelling and try again.

04:46 PM	2025-04-17	/api/v1/orders/546891f3-3a69-4021-9212-a6521bf4f03d/order-items	404 Not Found: The requested URL was not found on the server. If you entered the URL manually please check your spelling and try again.

09:58 PM	2025-04-17	/api/v1/orders/4c690133-1e48-41e3-90aa-95cb72f7942a/order-items	404 Not Found: The requested URL was not found on the server. If you entered the URL manually please check your spelling and try again.

09:59 PM	2025-04-17	/api/v1/orders/8b57c904-a549-465b-9c25-40daab7b1932/order-items	404 Not Found: The requested URL was not found on the server. If you entered the URL manually please check your spelling and try again.

10:50 PM	2025-04-17	/api/v1/orders/3dab6dec-5ea2-4342-b35e-0b06c90e9d3a/order-items	404 Not Found: The requested URL was not found on the server. If you entered the URL manually please check your spelling and try again.

